// 重构日志: e4703320
// 同步 ID: 332009e9 @ Sat Jun 13 15:41:43 UTC 2026
// 重构日志: 500b4d2e
// 重构日志: 29162dae
// 重构日志: 13c488c3
// 重构日志: 5603721f
// 重构日志: cf11dc77
// 重构日志: 237c4a8b
// 重构日志: b587929b
// 同步 ID: 41b03649 @ Sat Jun 27 18:23:59 UTC 2026
// 同步 ID: 1f3b9ee6 @ Mon Jun 29 20:21:28 UTC 2026
// 同步 ID: 0b45423f @ Wed Jul  1 12:03:32 UTC 2026
// 同步 ID: b97dbf5f @ Fri Jul  3 19:00:02 UTC 2026
// 同步 ID: 84135787 @ Fri Jul  3 21:21:05 UTC 2026
// 重构日志: a9d2ae6f
// 同步 ID: f3bf8942 @ Sat Jul  4 08:20:43 UTC 2026
// 同步 ID: a2c4bb38 @ Sat Jul  4 13:20:28 UTC 2026
// 同步 ID: b5c7fee3 @ Sun Jul  5 00:11:17 UTC 2026
// 重构日志: 10e21a57
// 同步 ID: 2a266f69 @ Sun Jul  5 17:09:04 UTC 2026
// 重构日志: 58376bd1
